INFO:werkzeug:[31m[1mWARNING: This is a development server. Do not use it in a production deployment. Use a production WSGI server instead.[0m
 * Running on all addresses (0.0.0.0)
 * Running on http://127.0.0.1:5000
 * Running on http://10.51.102.40:5000
INFO:werkzeug:[33mPress CTRL+C to quit[0m
INFO:werkzeug: * Restarting with stat
WARNING:werkzeug: * Debugger is active!
INFO:werkzeug: * Debugger PIN: 844-467-886
INFO:werkzeug:[31m[1mWARNING: This is a development server. Do not use it in a production deployment. Use a production WSGI server instead.[0m
 * Running on all addresses (0.0.0.0)
 * Running on http://127.0.0.1:5000
 * Running on http://10.51.102.40:5000
INFO:werkzeug:[33mPress CTRL+C to quit[0m
INFO:werkzeug: * Restarting with stat
WARNING:werkzeug: * Debugger is active!
INFO:werkzeug: * Debugger PIN: 844-467-886
INFO:werkzeug:[31m[1mWARNING: This is a development server. Do not use it in a production deployment. Use a production WSGI server instead.[0m
 * Running on all addresses (0.0.0.0)
 * Running on http://127.0.0.1:5000
 * Running on http://10.51.102.40:5000
INFO:werkzeug:[33mPress CTRL+C to quit[0m
INFO:werkzeug: * Restarting with stat
WARNING:werkzeug: * Debugger is active!
INFO:werkzeug: * Debugger PIN: 844-467-886
INFO:werkzeug:[31m[1mWARNING: This is a development server. Do not use it in a production deployment. Use a production WSGI server instead.[0m
 * Running on all addresses (0.0.0.0)
 * Running on http://127.0.0.1:5000
 * Running on http://10.51.102.40:5000
INFO:werkzeug:[33mPress CTRL+C to quit[0m
INFO:werkzeug: * Restarting with stat
WARNING:werkzeug: * Debugger is active!
INFO:werkzeug: * Debugger PIN: 844-467-886
INFO:werkzeug:[31m[1mWARNING: This is a development server. Do not use it in a production deployment. Use a production WSGI server instead.[0m
 * Running on all addresses (0.0.0.0)
 * Running on http://127.0.0.1:5000
 * Running on http://10.51.102.40:5000
INFO:werkzeug:[33mPress CTRL+C to quit[0m
INFO:werkzeug: * Restarting with stat
WARNING:werkzeug: * Debugger is active!
INFO:werkzeug: * Debugger PIN: 844-467-886
INFO:werkzeug:127.0.0.1 - - [11/Dec/2025 22:48:37] "GET /track HTTP/1.1" 200 -
INFO:werkzeug:127.0.0.1 - - [11/Dec/2025 22:48:37] "[33mGET /favicon.ico HTTP/1.1[0m" 404 -
INFO:werkzeug:[31m[1mWARNING: This is a development server. Do not use it in a production deployment. Use a production WSGI server instead.[0m
 * Running on all addresses (0.0.0.0)
 * Running on http://127.0.0.1:5000
 * Running on http://10.51.102.40:5000
INFO:werkzeug:[33mPress CTRL+C to quit[0m
INFO:werkzeug: * Restarting with stat
WARNING:werkzeug: * Debugger is active!
INFO:werkzeug: * Debugger PIN: 844-467-886
INFO:werkzeug:127.0.0.1 - - [11/Dec/2025 22:51:12] "GET /track HTTP/1.1" 200 -
INFO:werkzeug:127.0.0.1 - - [11/Dec/2025 22:51:13] "GET /track HTTP/1.1" 200 -
INFO:werkzeug:127.0.0.1 - - [11/Dec/2025 22:51:14] "GET /track HTTP/1.1" 200 -
INFO:werkzeug:127.0.0.1 - - [11/Dec/2025 22:51:14] "GET /track HTTP/1.1" 200 -
INFO:werkzeug:127.0.0.1 - - [11/Dec/2025 22:51:15] "GET /track HTTP/1.1" 200 -
INFO:werkzeug:127.0.0.1 - - [11/Dec/2025 22:51:15] "GET /track HTTP/1.1" 200 -
INFO:werkzeug:[31m[1mWARNING: This is a development server. Do not use it in a production deployment. Use a production WSGI server instead.[0m
 * Running on all addresses (0.0.0.0)
 * Running on http://127.0.0.1:5000
 * Running on http://10.51.102.40:5000
INFO:werkzeug:[33mPress CTRL+C to quit[0m
INFO:werkzeug: * Restarting with stat
WARNING:werkzeug: * Debugger is active!
INFO:werkzeug: * Debugger PIN: 844-467-886
INFO:werkzeug:[31m[1mWARNING: This is a development server. Do not use it in a production deployment. Use a production WSGI server instead.[0m
 * Running on all addresses (0.0.0.0)
 * Running on http://127.0.0.1:5000
 * Running on http://10.51.102.40:5000
INFO:werkzeug:[33mPress CTRL+C to quit[0m
INFO:werkzeug: * Restarting with stat
WARNING:werkzeug: * Debugger is active!
INFO:werkzeug: * Debugger PIN: 844-467-886
INFO:werkzeug:[31m[1mWARNING: This is a development server. Do not use it in a production deployment. Use a production WSGI server instead.[0m
 * Running on all addresses (0.0.0.0)
 * Running on http://127.0.0.1:5000
 * Running on http://10.51.102.40:5000
INFO:werkzeug:[33mPress CTRL+C to quit[0m
INFO:werkzeug: * Restarting with stat
WARNING:werkzeug: * Debugger is active!
INFO:werkzeug: * Debugger PIN: 844-467-886
INFO:werkzeug:[31m[1mWARNING: This is a development server. Do not use it in a production deployment. Use a production WSGI server instead.[0m
 * Running on all addresses (0.0.0.0)
 * Running on http://127.0.0.1:5000
 * Running on http://10.51.102.40:5000
INFO:werkzeug:[33mPress CTRL+C to quit[0m
INFO:werkzeug: * Restarting with stat
WARNING:werkzeug: * Debugger is active!
INFO:werkzeug: * Debugger PIN: 844-467-886
INFO:werkzeug:127.0.0.1 - - [11/Dec/2025 22:58:52] "[33mGET / HTTP/1.1[0m" 404 -
INFO:werkzeug:127.0.0.1 - - [11/Dec/2025 22:59:20] "GET /track HTTP/1.1" 200 -
INFO:werkzeug: * Detected change in 'C:\\Users\\USER\\Desktop\\DERS\\CS437\\HW_2\\mail_1\\tracker.py', reloading
INFO:werkzeug: * Restarting with stat
WARNING:werkzeug: * Debugger is active!
INFO:werkzeug: * Debugger PIN: 844-467-886
INFO:werkzeug:[31m[1mWARNING: This is a development server. Do not use it in a production deployment. Use a production WSGI server instead.[0m
 * Running on all addresses (0.0.0.0)
 * Running on http://127.0.0.1:5000
 * Running on http://10.51.102.40:5000
INFO:werkzeug:[33mPress CTRL+C to quit[0m
INFO:werkzeug: * Restarting with stat
WARNING:werkzeug: * Debugger is active!
INFO:werkzeug: * Debugger PIN: 844-467-886
INFO:werkzeug:127.0.0.1 - - [11/Dec/2025 23:04:36] "[32mPOST /capture HTTP/1.1[0m" 302 -
INFO:werkzeug: * Detected change in 'C:\\Users\\USER\\Desktop\\DERS\\CS437\\HW_2\\mail_1\\tracker.py', reloading
INFO:werkzeug: * Restarting with stat
WARNING:werkzeug: * Debugger is active!
INFO:werkzeug: * Debugger PIN: 844-467-886
INFO:werkzeug:[31m[1mWARNING: This is a development server. Do not use it in a production deployment. Use a production WSGI server instead.[0m
 * Running on all addresses (0.0.0.0)
 * Running on http://127.0.0.1:5000
 * Running on http://10.51.102.40:5000
INFO:werkzeug:[33mPress CTRL+C to quit[0m
INFO:werkzeug: * Restarting with stat
WARNING:werkzeug: * Debugger is active!
INFO:werkzeug: * Debugger PIN: 844-467-886
INFO:werkzeug: * Detected change in 'C:\\Users\\USER\\Desktop\\DERS\\CS437\\HW_2\\mail_1\\tracker.py', reloading
INFO:werkzeug: * Restarting with stat
WARNING:werkzeug: * Debugger is active!
INFO:werkzeug: * Debugger PIN: 844-467-886
INFO:werkzeug:[31m[1mWARNING: This is a development server. Do not use it in a production deployment. Use a production WSGI server instead.[0m
 * Running on all addresses (0.0.0.0)
 * Running on http://127.0.0.1:5000
 * Running on http://10.51.102.40:5000
INFO:werkzeug:[33mPress CTRL+C to quit[0m
INFO:werkzeug: * Restarting with stat
WARNING:werkzeug: * Debugger is active!
INFO:werkzeug: * Debugger PIN: 844-467-886
INFO:werkzeug: * Detected change in 'C:\\Users\\USER\\Desktop\\DERS\\CS437\\HW_2\\mail_1\\mail_sender.py', reloading
INFO:werkzeug: * Restarting with stat
2025-12-12 00:12:30,402 WARNING: * Debugger is active!
2025-12-12 00:12:30,409 INFO: * Debugger PIN: 844-467-886
2025-12-12 00:13:17,169 INFO:[31m[1mWARNING: This is a development server. Do not use it in a production deployment. Use a production WSGI server instead.[0m
 * Running on all addresses (0.0.0.0)
 * Running on http://127.0.0.1:5000
 * Running on http://10.51.102.40:5000
2025-12-12 00:13:17,180 INFO:[33mPress CTRL+C to quit[0m
2025-12-12 00:13:17,182 INFO: * Restarting with stat
2025-12-12 00:13:17,495 WARNING: * Debugger is active!
2025-12-12 00:13:17,499 INFO: * Debugger PIN: 844-467-886
2025-12-12 00:13:35,812 INFO:[31m[1mWARNING: This is a development server. Do not use it in a production deployment. Use a production WSGI server instead.[0m
 * Running on all addresses (0.0.0.0)
 * Running on http://127.0.0.1:5000
 * Running on http://10.51.102.40:5000
2025-12-12 00:13:35,812 INFO:[33mPress CTRL+C to quit[0m
2025-12-12 00:13:35,813 INFO: * Restarting with stat
2025-12-12 00:13:36,105 WARNING: * Debugger is active!
2025-12-12 00:13:36,107 INFO: * Debugger PIN: 844-467-886
2025-12-12 00:14:02,839 INFO:[31m[1mWARNING: This is a development server. Do not use it in a production deployment. Use a production WSGI server instead.[0m
 * Running on all addresses (0.0.0.0)
 * Running on http://127.0.0.1:5000
 * Running on http://10.51.102.40:5000
2025-12-12 00:14:02,839 INFO:[33mPress CTRL+C to quit[0m
2025-12-12 00:14:02,840 INFO: * Restarting with stat
2025-12-12 00:14:03,058 WARNING: * Debugger is active!
2025-12-12 00:14:03,066 INFO: * Debugger PIN: 844-467-886
2025-12-12 00:21:13,514 INFO: * Detected change in 'C:\\Users\\USER\\Desktop\\DERS\\CS437\\HW_2\\mail_1\\tracker.py', reloading
2025-12-12 00:21:13,601 INFO: * Restarting with stat
2025-12-12 00:21:13,981 WARNING: * Debugger is active!
2025-12-12 00:21:13,983 INFO: * Debugger PIN: 844-467-886
2025-12-12 00:22:09,338 INFO:[31m[1mWARNING: This is a development server. Do not use it in a production deployment. Use a production WSGI server instead.[0m
 * Running on all addresses (0.0.0.0)
 * Running on http://127.0.0.1:5000
 * Running on http://10.51.102.40:5000
2025-12-12 00:22:09,339 INFO:[33mPress CTRL+C to quit[0m
2025-12-12 00:22:09,340 INFO: * Restarting with stat
2025-12-12 00:22:09,610 WARNING: * Debugger is active!
2025-12-12 00:22:09,610 INFO: * Debugger PIN: 844-467-886
2025-12-12 00:23:37,362 INFO:[31m[1mWARNING: This is a development server. Do not use it in a production deployment. Use a production WSGI server instead.[0m
 * Running on all addresses (0.0.0.0)
 * Running on http://127.0.0.1:5000
 * Running on http://10.51.102.40:5000
2025-12-12 00:23:37,362 INFO:[33mPress CTRL+C to quit[0m
2025-12-12 00:23:37,363 INFO: * Restarting with stat
2025-12-12 00:23:37,614 WARNING: * Debugger is active!
2025-12-12 00:23:37,619 INFO: * Debugger PIN: 844-467-886
2025-12-12 00:24:37,205 INFO:[31m[1mWARNING: This is a development server. Do not use it in a production deployment. Use a production WSGI server instead.[0m
 * Running on all addresses (0.0.0.0)
 * Running on http://127.0.0.1:5000
 * Running on http://10.51.102.40:5000
2025-12-12 00:24:37,206 INFO:[33mPress CTRL+C to quit[0m
2025-12-12 00:24:37,206 INFO: * Restarting with stat
2025-12-12 00:24:37,441 WARNING: * Debugger is active!
2025-12-12 00:24:37,443 INFO: * Debugger PIN: 844-467-886
2025-12-12 00:25:04,298 INFO:[31m[1mWARNING: This is a development server. Do not use it in a production deployment. Use a production WSGI server instead.[0m
 * Running on all addresses (0.0.0.0)
 * Running on http://127.0.0.1:5000
 * Running on http://10.51.102.40:5000
2025-12-12 00:25:04,298 INFO:[33mPress CTRL+C to quit[0m
2025-12-12 00:25:04,299 INFO: * Restarting with stat
2025-12-12 00:25:04,657 WARNING: * Debugger is active!
2025-12-12 00:25:04,657 INFO: * Debugger PIN: 844-467-886
2025-12-12 00:25:09,684 INFO: * Detected change in 'c:\\Users\\USER\\Desktop\\DERS\\CS437\\HW_2\\mail_1\\tracker.py', reloading
2025-12-12 00:25:09,720 INFO: * Restarting with stat
2025-12-12 00:25:10,048 WARNING: * Debugger is active!
2025-12-12 00:25:10,081 INFO: * Debugger PIN: 844-467-886
2025-12-12 00:25:16,124 INFO: * Detected change in 'c:\\Users\\USER\\Desktop\\DERS\\CS437\\HW_2\\mail_1\\mail_sender.py', reloading
2025-12-12 00:25:16,186 INFO: * Restarting with stat
2025-12-12 00:25:16,652 WARNING: * Debugger is active!
2025-12-12 00:25:16,655 INFO: * Debugger PIN: 844-467-886
2025-12-12 00:27:30,079 INFO: * Detected change in 'c:\\Users\\USER\\Desktop\\DERS\\CS437\\HW_2\\mail_1\\tracker.py', reloading
2025-12-12 00:27:30,124 INFO: * Restarting with stat
2025-12-12 00:27:33,576 INFO:[31m[1mWARNING: This is a development server. Do not use it in a production deployment. Use a production WSGI server instead.[0m
 * Running on all addresses (0.0.0.0)
 * Running on http://127.0.0.1:5000
 * Running on http://10.51.102.40:5000
2025-12-12 00:27:33,576 INFO:[33mPress CTRL+C to quit[0m
2025-12-12 00:27:33,579 INFO: * Restarting with stat
2025-12-12 00:27:34,042 WARNING: * Debugger is active!
2025-12-12 00:27:34,049 INFO: * Debugger PIN: 844-467-886
2025-12-12 00:28:44,970 INFO:[31m[1mWARNING: This is a development server. Do not use it in a production deployment. Use a production WSGI server instead.[0m
 * Running on all addresses (0.0.0.0)
 * Running on http://127.0.0.1:5000
 * Running on http://10.51.102.40:5000
2025-12-12 00:28:44,970 INFO:[33mPress CTRL+C to quit[0m
2025-12-12 00:28:44,970 INFO: * Restarting with stat
2025-12-12 00:28:45,253 WARNING: * Debugger is active!
2025-12-12 00:28:45,263 INFO: * Debugger PIN: 844-467-886
2025-12-12 00:30:09,681 INFO: * Detected change in 'C:\\Users\\USER\\Desktop\\DERS\\CS437\\HW_2\\mail_1\\tracker.py', reloading
2025-12-12 00:30:09,728 INFO: * Restarting with stat
2025-12-12 00:30:10,034 WARNING: * Debugger is active!
2025-12-12 00:30:10,034 INFO: * Debugger PIN: 844-467-886
2025-12-12 00:30:21,056 INFO:[31m[1mWARNING: This is a development server. Do not use it in a production deployment. Use a production WSGI server instead.[0m
 * Running on all addresses (0.0.0.0)
 * Running on http://127.0.0.1:5000
 * Running on http://10.51.102.40:5000
2025-12-12 00:30:21,056 INFO:[33mPress CTRL+C to quit[0m
2025-12-12 00:30:21,058 INFO: * Restarting with stat
2025-12-12 00:30:21,303 WARNING: * Debugger is active!
2025-12-12 00:30:21,305 INFO: * Debugger PIN: 844-467-886
2025-12-12 00:31:08,274 INFO:[31m[1mWARNING: This is a development server. Do not use it in a production deployment. Use a production WSGI server instead.[0m
 * Running on all addresses (0.0.0.0)
 * Running on http://127.0.0.1:5000
 * Running on http://10.51.102.40:5000
2025-12-12 00:31:08,274 INFO:[33mPress CTRL+C to quit[0m
2025-12-12 00:31:08,276 INFO: * Restarting with stat
2025-12-12 00:31:08,520 WARNING: * Debugger is active!
2025-12-12 00:31:08,525 INFO: * Debugger PIN: 844-467-886
2025-12-12 00:32:00,729 INFO: * Detected change in 'c:\\Users\\USER\\Desktop\\DERS\\CS437\\HW_2\\mail_1\\tracker.py', reloading
2025-12-12 00:32:00,754 INFO: * Restarting with stat
2025-12-12 00:32:01,048 WARNING: * Debugger is active!
2025-12-12 00:32:01,048 INFO: * Debugger PIN: 844-467-886
2025-12-12 00:32:03,948 INFO:[31m[1mWARNING: This is a development server. Do not use it in a production deployment. Use a production WSGI server instead.[0m
 * Running on all addresses (0.0.0.0)
 * Running on http://127.0.0.1:5000
 * Running on http://10.51.102.40:5000
2025-12-12 00:32:03,949 INFO:[33mPress CTRL+C to quit[0m
2025-12-12 00:32:03,950 INFO: * Restarting with stat
2025-12-12 00:32:04,169 WARNING: * Debugger is active!
2025-12-12 00:32:04,169 INFO: * Debugger PIN: 844-467-886
2025-12-12 00:32:45,752 INFO:[31m[1mWARNING: This is a development server. Do not use it in a production deployment. Use a production WSGI server instead.[0m
 * Running on all addresses (0.0.0.0)
 * Running on http://127.0.0.1:5000
 * Running on http://10.51.102.40:5000
2025-12-12 00:32:45,752 INFO:[33mPress CTRL+C to quit[0m
2025-12-12 00:32:45,759 INFO: * Restarting with stat
2025-12-12 00:32:46,143 WARNING: * Debugger is active!
2025-12-12 00:32:46,148 INFO: * Debugger PIN: 844-467-886
2025-12-12 00:33:09,306 INFO: * Detected change in 'C:\\Users\\USER\\Desktop\\DERS\\CS437\\HW_2\\mail_1\\tracker.py', reloading
2025-12-12 00:33:09,331 INFO: * Restarting with stat
2025-12-12 00:33:09,700 WARNING: * Debugger is active!
2025-12-12 00:33:09,701 INFO: * Debugger PIN: 844-467-886
2025-12-12 00:33:51,381 INFO:[31m[1mWARNING: This is a development server. Do not use it in a production deployment. Use a production WSGI server instead.[0m
 * Running on all addresses (0.0.0.0)
 * Running on http://127.0.0.1:5000
 * Running on http://10.51.102.40:5000
2025-12-12 00:33:51,381 INFO:[33mPress CTRL+C to quit[0m
2025-12-12 00:33:51,381 INFO: * Restarting with stat
2025-12-12 00:33:51,617 WARNING: * Debugger is active!
2025-12-12 00:33:51,617 INFO: * Debugger PIN: 844-467-886
2025-12-12 00:34:34,838 INFO: * Detected change in 'C:\\Users\\USER\\Desktop\\DERS\\CS437\\HW_2\\mail_1\\tracker.py', reloading
2025-12-12 00:34:34,871 INFO: * Restarting with stat
2025-12-12 00:34:35,315 WARNING: * Debugger is active!
2025-12-12 00:34:35,317 INFO: * Debugger PIN: 844-467-886
2025-12-12 00:35:05,421 INFO: * Detected change in 'C:\\Users\\USER\\Desktop\\DERS\\CS437\\HW_2\\mail_1\\tracker.py', reloading
2025-12-12 00:35:05,454 INFO: * Restarting with stat
2025-12-12 00:35:06,762 ERROR:Selector: Unexpected CHAR. [1:1: <]
2025-12-12 00:35:06,762 ERROR:Selector: Unexpected CHAR. [1:47: <]
2025-12-12 00:35:06,762 ERROR:SelectorList: Invalid Selector: <br>        /* Sadece E-posta Ýçin Sade CSS */<br>        .container 
2025-12-12 00:35:06,762 ERROR:CSSStyleDeclaration: Unexpected token, ignoring upto '<br>            font-family: Arial, sans-serif;'. [1:72: <]
2025-12-12 00:35:06,762 ERROR:CSSStyleDeclaration: Unexpected token, ignoring upto '<br>            background-color: #ffffff;'. [1:120: <]
2025-12-12 00:35:06,762 ERROR:CSSStyleDeclaration: Unexpected token, ignoring upto '<br>            margin: 20px auto;'. [1:163: <]
2025-12-12 00:35:06,762 ERROR:CSSStyleDeclaration: Unexpected token, ignoring upto '<br>            padding: 30px;'. [1:198: <]
2025-12-12 00:35:06,762 ERROR:CSSStyleDeclaration: Unexpected token, ignoring upto '<br>            max-width: 600px;'. [1:229: <]
2025-12-12 00:35:06,762 ERROR:CSSStyleDeclaration: Unexpected token, ignoring upto '<br>            border: 1px solid #ddd;'. [1:263: <]
2025-12-12 00:35:06,762 ERROR:CSSStyleDeclaration: Unexpected token, ignoring upto '<br>        '. [1:302: <]
2025-12-12 00:35:06,762 ERROR:Selector: Unexpected CHAR. [1:315: <]
2025-12-12 00:35:06,762 ERROR:SelectorList: Invalid Selector: <br>        .header 
2025-12-12 00:35:06,762 ERROR:CSSStyleDeclaration: Unexpected token, ignoring upto '<br>            text-align: center;'. [1:337: <]
2025-12-12 00:35:06,762 ERROR:CSSStyleDeclaration: Unexpected token, ignoring upto '<br>            padding-bottom: 20px;'. [1:373: <]
2025-12-12 00:35:06,762 ERROR:CSSStyleDeclaration: Unexpected token, ignoring upto '<br>            border-bottom: 3px solid #F27A1A;'. [1:411: <]
2025-12-12 00:35:06,762 ERROR:CSSStyleDeclaration: Unexpected token, ignoring upto '<br>        '. [1:461: <]
2025-12-12 00:35:06,762 ERROR:Selector: Unexpected CHAR. [1:474: <]
2025-12-12 00:35:06,762 ERROR:SelectorList: Invalid Selector: <br>        .logo-text 
2025-12-12 00:35:06,768 ERROR:Selector: Unexpected CHAR. [1:563: <]
2025-12-12 00:35:06,768 ERROR:SelectorList: Invalid Selector: <br>        .content 
2025-12-12 00:35:06,771 ERROR:Selector: Unexpected CHAR. [1:622: <]
2025-12-12 00:35:06,771 ERROR:SelectorList: Invalid Selector: <br>        .button-link 
2025-12-12 00:35:06,771 ERROR:CSSStyleDeclaration: Unexpected token, ignoring upto '<br>            background-color: #F27A1A;'. [1:649: <]
2025-12-12 00:35:06,772 ERROR:CSSStyleDeclaration: Unexpected token, ignoring upto '<br>            color: white !'. [1:692: <]
2025-12-12 00:35:06,772 ERROR:Property: No ":" after name found: important [1:722: important]
2025-12-12 00:35:06,772 ERROR:Property: No property value found: important [1:722: important]
2025-12-12 00:35:06,772 ERROR:CSSStyleDeclaration: Syntax Error in Property: important
2025-12-12 00:35:06,773 ERROR:CSSStyleDeclaration: Unexpected token, ignoring upto '<br>            padding: 14px 20px;'. [1:768: <]
2025-12-12 00:35:06,773 ERROR:CSSStyleDeclaration: Unexpected token, ignoring upto '<br>            margin: 15px auto;'. [1:804: <]
2025-12-12 00:35:06,773 ERROR:CSSStyleDeclaration: Unexpected token, ignoring upto '<br>            border: none;'. [1:839: <]
2025-12-12 00:35:06,773 ERROR:CSSStyleDeclaration: Unexpected token, ignoring upto '<br>            cursor: pointer;'. [1:869: <]
2025-12-12 00:35:06,774 ERROR:CSSStyleDeclaration: Unexpected token, ignoring upto '<br>            width: 90%;'. [1:902: <]
2025-12-12 00:35:06,774 ERROR:CSSStyleDeclaration: Unexpected token, ignoring upto '<br>            border-radius: 4px;'. [1:930: <]
2025-12-12 00:35:06,774 ERROR:CSSStyleDeclaration: Unexpected token, ignoring upto '<br>            font-weight: bold;'. [1:966: <]
2025-12-12 00:35:06,774 ERROR:CSSStyleDeclaration: Unexpected token, ignoring upto '<br>            text-decoration: none;'. [1:1001: <]
2025-12-12 00:35:06,774 ERROR:CSSStyleDeclaration: Unexpected token, ignoring upto '<br>            display: block;'. [1:1040: <]
2025-12-12 00:35:06,774 ERROR:CSSStyleDeclaration: Unexpected token, ignoring upto '<br>            text-align: center;'. [1:1072: <]
2025-12-12 00:35:06,774 ERROR:CSSStyleDeclaration: Unexpected token, ignoring upto '<br>        '. [1:1107: <]
2025-12-12 00:35:06,775 ERROR:CSSStyleRule: No start { of style declaration found: '<br>    ' [1:1128: ]
2025-12-12 00:35:06,775 ERROR:Selector: Unexpected CHAR. [1:1120: <]
2025-12-12 00:35:06,777 ERROR:Selector: Cannot end with combinator: <br>    
2025-12-12 00:35:06,777 ERROR:SelectorList: Invalid Selector: <br>    
2025-12-12 00:35:06,777 ERROR:CSSStyleRule: No style declaration or "}" found: '<br>    '
2025-12-12 00:35:07,580 WARNING: * Debugger is active!
2025-12-12 00:35:07,582 INFO: * Debugger PIN: 844-467-886
2025-12-12 00:45:46,053 INFO: * Detected change in 'C:\\Users\\USER\\Desktop\\DERS\\CS437\\HW_2\\mail_1\\tracker.py', reloading
2025-12-12 00:45:46,104 INFO: * Restarting with stat
2025-12-12 00:45:47,236 ERROR:Selector: Unexpected CHAR. [1:1: <]
2025-12-12 00:45:47,236 ERROR:Selector: Unexpected CHAR. [1:47: <]
2025-12-12 00:45:47,236 ERROR:SelectorList: Invalid Selector: <br>        /* Sadece E-posta Ýçin Sade CSS */<br>        .container 
2025-12-12 00:45:47,237 ERROR:CSSStyleDeclaration: Unexpected token, ignoring upto '<br>            font-family: Arial, sans-serif;'. [1:72: <]
2025-12-12 00:45:47,237 ERROR:CSSStyleDeclaration: Unexpected token, ignoring upto '<br>            background-color: #ffffff;'. [1:120: <]
2025-12-12 00:45:47,237 ERROR:CSSStyleDeclaration: Unexpected token, ignoring upto '<br>            margin: 20px auto;'. [1:163: <]
2025-12-12 00:45:47,237 ERROR:CSSStyleDeclaration: Unexpected token, ignoring upto '<br>            padding: 30px;'. [1:198: <]
2025-12-12 00:45:47,237 ERROR:CSSStyleDeclaration: Unexpected token, ignoring upto '<br>            max-width: 600px;'. [1:229: <]
2025-12-12 00:45:47,237 ERROR:CSSStyleDeclaration: Unexpected token, ignoring upto '<br>            border: 1px solid #ddd;'. [1:263: <]
2025-12-12 00:45:47,237 ERROR:CSSStyleDeclaration: Unexpected token, ignoring upto '<br>        '. [1:302: <]
2025-12-12 00:45:47,237 ERROR:Selector: Unexpected CHAR. [1:315: <]
2025-12-12 00:45:47,237 ERROR:SelectorList: Invalid Selector: <br>        .header 
2025-12-12 00:45:47,238 ERROR:CSSStyleDeclaration: Unexpected token, ignoring upto '<br>            text-align: center;'. [1:337: <]
2025-12-12 00:45:47,238 ERROR:CSSStyleDeclaration: Unexpected token, ignoring upto '<br>            padding-bottom: 20px;'. [1:373: <]
2025-12-12 00:45:47,238 ERROR:CSSStyleDeclaration: Unexpected token, ignoring upto '<br>            border-bottom: 3px solid #F27A1A;'. [1:411: <]
2025-12-12 00:45:47,238 ERROR:CSSStyleDeclaration: Unexpected token, ignoring upto '<br>        '. [1:461: <]
2025-12-12 00:45:47,238 ERROR:Selector: Unexpected CHAR. [1:474: <]
2025-12-12 00:45:47,238 ERROR:SelectorList: Invalid Selector: <br>        .logo-text 
2025-12-12 00:45:47,242 ERROR:Selector: Unexpected CHAR. [1:563: <]
2025-12-12 00:45:47,242 ERROR:SelectorList: Invalid Selector: <br>        .content 
2025-12-12 00:45:47,244 ERROR:Selector: Unexpected CHAR. [1:622: <]
2025-12-12 00:45:47,246 ERROR:SelectorList: Invalid Selector: <br>        .button-link 
2025-12-12 00:45:47,246 ERROR:CSSStyleDeclaration: Unexpected token, ignoring upto '<br>            background-color: #F27A1A;'. [1:649: <]
2025-12-12 00:45:47,246 ERROR:CSSStyleDeclaration: Unexpected token, ignoring upto '<br>            color: white !'. [1:692: <]
2025-12-12 00:45:47,246 ERROR:Property: No ":" after name found: important [1:722: important]
2025-12-12 00:45:47,246 ERROR:Property: No property value found: important [1:722: important]
2025-12-12 00:45:47,246 ERROR:CSSStyleDeclaration: Syntax Error in Property: important
2025-12-12 00:45:47,247 ERROR:CSSStyleDeclaration: Unexpected token, ignoring upto '<br>            padding: 14px 20px;'. [1:768: <]
2025-12-12 00:45:47,247 ERROR:CSSStyleDeclaration: Unexpected token, ignoring upto '<br>            margin: 15px auto;'. [1:804: <]
2025-12-12 00:45:47,248 ERROR:CSSStyleDeclaration: Unexpected token, ignoring upto '<br>            border: none;'. [1:839: <]
2025-12-12 00:45:47,249 ERROR:CSSStyleDeclaration: Unexpected token, ignoring upto '<br>            cursor: pointer;'. [1:869: <]
2025-12-12 00:45:47,249 ERROR:CSSStyleDeclaration: Unexpected token, ignoring upto '<br>            width: 90%;'. [1:902: <]
2025-12-12 00:45:47,249 ERROR:CSSStyleDeclaration: Unexpected token, ignoring upto '<br>            border-radius: 4px;'. [1:930: <]
2025-12-12 00:45:47,249 ERROR:CSSStyleDeclaration: Unexpected token, ignoring upto '<br>            font-weight: bold;'. [1:966: <]
2025-12-12 00:45:47,249 ERROR:CSSStyleDeclaration: Unexpected token, ignoring upto '<br>            text-decoration: none;'. [1:1001: <]
2025-12-12 00:45:47,249 ERROR:CSSStyleDeclaration: Unexpected token, ignoring upto '<br>            display: block;'. [1:1040: <]
2025-12-12 00:45:47,250 ERROR:CSSStyleDeclaration: Unexpected token, ignoring upto '<br>            text-align: center;'. [1:1072: <]
2025-12-12 00:45:47,251 ERROR:CSSStyleDeclaration: Unexpected token, ignoring upto '<br>        '. [1:1107: <]
2025-12-12 00:45:47,252 ERROR:CSSStyleRule: No start { of style declaration found: '<br>    ' [1:1128: ]
2025-12-12 00:45:47,254 ERROR:Selector: Unexpected CHAR. [1:1120: <]
2025-12-12 00:45:47,254 ERROR:Selector: Cannot end with combinator: <br>    
2025-12-12 00:45:47,254 ERROR:SelectorList: Invalid Selector: <br>    
2025-12-12 00:45:47,254 ERROR:CSSStyleRule: No style declaration or "}" found: '<br>    '
2025-12-12 00:45:49,119 WARNING: * Debugger is active!
2025-12-12 00:45:49,120 INFO: * Debugger PIN: 844-467-886
2025-12-12 00:48:15,906 ERROR:Selector: Unexpected CHAR. [1:1: <]
2025-12-12 00:48:15,907 ERROR:Selector: Unexpected CHAR. [1:47: <]
2025-12-12 00:48:15,907 ERROR:SelectorList: Invalid Selector: <br>        /* Sadece E-posta Ýçin Sade CSS */<br>        .container 
2025-12-12 00:48:15,907 ERROR:CSSStyleDeclaration: Unexpected token, ignoring upto '<br>            font-family: Arial, sans-serif;'. [1:72: <]
2025-12-12 00:48:15,907 ERROR:CSSStyleDeclaration: Unexpected token, ignoring upto '<br>            background-color: #ffffff;'. [1:120: <]
2025-12-12 00:48:15,907 ERROR:CSSStyleDeclaration: Unexpected token, ignoring upto '<br>            margin: 20px auto;'. [1:163: <]
2025-12-12 00:48:15,907 ERROR:CSSStyleDeclaration: Unexpected token, ignoring upto '<br>            padding: 30px;'. [1:198: <]
2025-12-12 00:48:15,907 ERROR:CSSStyleDeclaration: Unexpected token, ignoring upto '<br>            max-width: 600px;'. [1:229: <]
2025-12-12 00:48:15,908 ERROR:CSSStyleDeclaration: Unexpected token, ignoring upto '<br>            border: 1px solid #ddd;'. [1:263: <]
2025-12-12 00:48:15,908 ERROR:CSSStyleDeclaration: Unexpected token, ignoring upto '<br>        '. [1:302: <]
2025-12-12 00:48:15,908 ERROR:Selector: Unexpected CHAR. [1:315: <]
2025-12-12 00:48:15,908 ERROR:SelectorList: Invalid Selector: <br>        .header 
2025-12-12 00:48:15,908 ERROR:CSSStyleDeclaration: Unexpected token, ignoring upto '<br>            text-align: center;'. [1:337: <]
2025-12-12 00:48:15,908 ERROR:CSSStyleDeclaration: Unexpected token, ignoring upto '<br>            padding-bottom: 20px;'. [1:373: <]
2025-12-12 00:48:15,908 ERROR:CSSStyleDeclaration: Unexpected token, ignoring upto '<br>            border-bottom: 3px solid #F27A1A;'. [1:411: <]
2025-12-12 00:48:15,909 ERROR:CSSStyleDeclaration: Unexpected token, ignoring upto '<br>        '. [1:461: <]
2025-12-12 00:48:15,909 ERROR:Selector: Unexpected CHAR. [1:474: <]
2025-12-12 00:48:15,910 ERROR:SelectorList: Invalid Selector: <br>        .logo-text 
2025-12-12 00:48:15,913 ERROR:Selector: Unexpected CHAR. [1:563: <]
2025-12-12 00:48:15,913 ERROR:SelectorList: Invalid Selector: <br>        .content 
2025-12-12 00:48:15,914 ERROR:Selector: Unexpected CHAR. [1:622: <]
2025-12-12 00:48:15,916 ERROR:SelectorList: Invalid Selector: <br>        .button-link 
2025-12-12 00:48:15,916 ERROR:CSSStyleDeclaration: Unexpected token, ignoring upto '<br>            background-color: #F27A1A;'. [1:649: <]
2025-12-12 00:48:15,916 ERROR:CSSStyleDeclaration: Unexpected token, ignoring upto '<br>            color: white !'. [1:692: <]
2025-12-12 00:48:15,916 ERROR:Property: No ":" after name found: important [1:722: important]
2025-12-12 00:48:15,917 ERROR:Property: No property value found: important [1:722: important]
2025-12-12 00:48:15,921 ERROR:CSSStyleDeclaration: Syntax Error in Property: important
2025-12-12 00:48:15,921 ERROR:CSSStyleDeclaration: Unexpected token, ignoring upto '<br>            padding: 14px 20px;'. [1:768: <]
2025-12-12 00:48:15,921 ERROR:CSSStyleDeclaration: Unexpected token, ignoring upto '<br>            margin: 15px auto;'. [1:804: <]
2025-12-12 00:48:15,922 ERROR:CSSStyleDeclaration: Unexpected token, ignoring upto '<br>            border: none;'. [1:839: <]
2025-12-12 00:48:15,922 ERROR:CSSStyleDeclaration: Unexpected token, ignoring upto '<br>            cursor: pointer;'. [1:869: <]
2025-12-12 00:48:15,922 ERROR:CSSStyleDeclaration: Unexpected token, ignoring upto '<br>            width: 90%;'. [1:902: <]
2025-12-12 00:48:15,922 ERROR:CSSStyleDeclaration: Unexpected token, ignoring upto '<br>            border-radius: 4px;'. [1:930: <]
2025-12-12 00:48:15,922 ERROR:CSSStyleDeclaration: Unexpected token, ignoring upto '<br>            font-weight: bold;'. [1:966: <]
2025-12-12 00:48:15,922 ERROR:CSSStyleDeclaration: Unexpected token, ignoring upto '<br>            text-decoration: none;'. [1:1001: <]
2025-12-12 00:48:15,923 ERROR:CSSStyleDeclaration: Unexpected token, ignoring upto '<br>            display: block;'. [1:1040: <]
2025-12-12 00:48:15,923 ERROR:CSSStyleDeclaration: Unexpected token, ignoring upto '<br>            text-align: center;'. [1:1072: <]
2025-12-12 00:48:15,923 ERROR:CSSStyleDeclaration: Unexpected token, ignoring upto '<br>        '. [1:1107: <]
2025-12-12 00:48:15,923 ERROR:CSSStyleRule: No start { of style declaration found: '<br>    ' [1:1128: ]
2025-12-12 00:48:15,923 ERROR:Selector: Unexpected CHAR. [1:1120: <]
2025-12-12 00:48:15,923 ERROR:Selector: Cannot end with combinator: <br>    
2025-12-12 00:48:15,924 ERROR:SelectorList: Invalid Selector: <br>    
2025-12-12 00:48:15,924 ERROR:CSSStyleRule: No style declaration or "}" found: '<br>    '
2025-12-12 00:48:16,819 INFO:[31m[1mWARNING: This is a development server. Do not use it in a production deployment. Use a production WSGI server instead.[0m
 * Running on all addresses (0.0.0.0)
 * Running on http://127.0.0.1:5000
 * Running on http://10.51.102.40:5000
2025-12-12 00:48:16,819 INFO:[33mPress CTRL+C to quit[0m
2025-12-12 00:48:16,820 INFO: * Restarting with stat
2025-12-12 00:48:17,621 ERROR:Selector: Unexpected CHAR. [1:1: <]
2025-12-12 00:48:17,621 ERROR:Selector: Unexpected CHAR. [1:47: <]
2025-12-12 00:48:17,621 ERROR:SelectorList: Invalid Selector: <br>        /* Sadece E-posta Ýçin Sade CSS */<br>        .container 
2025-12-12 00:48:17,621 ERROR:CSSStyleDeclaration: Unexpected token, ignoring upto '<br>            font-family: Arial, sans-serif;'. [1:72: <]
2025-12-12 00:48:17,621 ERROR:CSSStyleDeclaration: Unexpected token, ignoring upto '<br>            background-color: #ffffff;'. [1:120: <]
2025-12-12 00:48:17,621 ERROR:CSSStyleDeclaration: Unexpected token, ignoring upto '<br>            margin: 20px auto;'. [1:163: <]
2025-12-12 00:48:17,621 ERROR:CSSStyleDeclaration: Unexpected token, ignoring upto '<br>            padding: 30px;'. [1:198: <]
2025-12-12 00:48:17,621 ERROR:CSSStyleDeclaration: Unexpected token, ignoring upto '<br>            max-width: 600px;'. [1:229: <]
2025-12-12 00:48:17,621 ERROR:CSSStyleDeclaration: Unexpected token, ignoring upto '<br>            border: 1px solid #ddd;'. [1:263: <]
2025-12-12 00:48:17,621 ERROR:CSSStyleDeclaration: Unexpected token, ignoring upto '<br>        '. [1:302: <]
2025-12-12 00:48:17,621 ERROR:Selector: Unexpected CHAR. [1:315: <]
2025-12-12 00:48:17,621 ERROR:SelectorList: Invalid Selector: <br>        .header 
2025-12-12 00:48:17,621 ERROR:CSSStyleDeclaration: Unexpected token, ignoring upto '<br>            text-align: center;'. [1:337: <]
2025-12-12 00:48:17,621 ERROR:CSSStyleDeclaration: Unexpected token, ignoring upto '<br>            padding-bottom: 20px;'. [1:373: <]
2025-12-12 00:48:17,621 ERROR:CSSStyleDeclaration: Unexpected token, ignoring upto '<br>            border-bottom: 3px solid #F27A1A;'. [1:411: <]
2025-12-12 00:48:17,621 ERROR:CSSStyleDeclaration: Unexpected token, ignoring upto '<br>        '. [1:461: <]
2025-12-12 00:48:17,621 ERROR:Selector: Unexpected CHAR. [1:474: <]
2025-12-12 00:48:17,621 ERROR:SelectorList: Invalid Selector: <br>        .logo-text 
2025-12-12 00:48:17,632 ERROR:Selector: Unexpected CHAR. [1:563: <]
2025-12-12 00:48:17,632 ERROR:SelectorList: Invalid Selector: <br>        .content 
2025-12-12 00:48:17,632 ERROR:Selector: Unexpected CHAR. [1:622: <]
2025-12-12 00:48:17,637 ERROR:SelectorList: Invalid Selector: <br>        .button-link 
2025-12-12 00:48:17,638 ERROR:CSSStyleDeclaration: Unexpected token, ignoring upto '<br>            background-color: #F27A1A;'. [1:649: <]
2025-12-12 00:48:17,638 ERROR:CSSStyleDeclaration: Unexpected token, ignoring upto '<br>            color: white !'. [1:692: <]
2025-12-12 00:48:17,638 ERROR:Property: No ":" after name found: important [1:722: important]
2025-12-12 00:48:17,638 ERROR:Property: No property value found: important [1:722: important]
2025-12-12 00:48:17,638 ERROR:CSSStyleDeclaration: Syntax Error in Property: important
2025-12-12 00:48:17,638 ERROR:CSSStyleDeclaration: Unexpected token, ignoring upto '<br>            padding: 14px 20px;'. [1:768: <]
2025-12-12 00:48:17,639 ERROR:CSSStyleDeclaration: Unexpected token, ignoring upto '<br>            margin: 15px auto;'. [1:804: <]
2025-12-12 00:48:17,639 ERROR:CSSStyleDeclaration: Unexpected token, ignoring upto '<br>            border: none;'. [1:839: <]
2025-12-12 00:48:17,640 ERROR:CSSStyleDeclaration: Unexpected token, ignoring upto '<br>            cursor: pointer;'. [1:869: <]
2025-12-12 00:48:17,641 ERROR:CSSStyleDeclaration: Unexpected token, ignoring upto '<br>            width: 90%;'. [1:902: <]
2025-12-12 00:48:17,641 ERROR:CSSStyleDeclaration: Unexpected token, ignoring upto '<br>            border-radius: 4px;'. [1:930: <]
2025-12-12 00:48:17,642 ERROR:CSSStyleDeclaration: Unexpected token, ignoring upto '<br>            font-weight: bold;'. [1:966: <]
2025-12-12 00:48:17,642 ERROR:CSSStyleDeclaration: Unexpected token, ignoring upto '<br>            text-decoration: none;'. [1:1001: <]
2025-12-12 00:48:17,642 ERROR:CSSStyleDeclaration: Unexpected token, ignoring upto '<br>            display: block;'. [1:1040: <]
2025-12-12 00:48:17,642 ERROR:CSSStyleDeclaration: Unexpected token, ignoring upto '<br>            text-align: center;'. [1:1072: <]
2025-12-12 00:48:17,642 ERROR:CSSStyleDeclaration: Unexpected token, ignoring upto '<br>        '. [1:1107: <]
2025-12-12 00:48:17,643 ERROR:CSSStyleRule: No start { of style declaration found: '<br>    ' [1:1128: ]
2025-12-12 00:48:17,643 ERROR:Selector: Unexpected CHAR. [1:1120: <]
2025-12-12 00:48:17,643 ERROR:Selector: Cannot end with combinator: <br>    
2025-12-12 00:48:17,643 ERROR:SelectorList: Invalid Selector: <br>    
2025-12-12 00:48:17,643 ERROR:CSSStyleRule: No style declaration or "}" found: '<br>    '
2025-12-12 00:48:18,561 WARNING: * Debugger is active!
2025-12-12 00:48:18,569 INFO: * Debugger PIN: 844-467-886
2025-12-12 00:51:36,051 ERROR:Selector: Unexpected CHAR. [1:1: <]
2025-12-12 00:51:36,052 ERROR:Selector: Unexpected CHAR. [1:57: <]
2025-12-12 00:51:36,053 ERROR:SelectorList: Invalid Selector: <br>        /* Responsive ve temel konteyner stilleri */<br>        .container 
2025-12-12 00:51:36,053 ERROR:CSSStyleDeclaration: Unexpected token, ignoring upto '<br>            font-family: Arial, sans-serif;'. [1:82: <]
2025-12-12 00:51:36,053 ERROR:CSSStyleDeclaration: Unexpected token, ignoring upto '<br>            background-color: #ffffff;'. [1:130: <]
2025-12-12 00:51:36,053 ERROR:CSSStyleDeclaration: Unexpected token, ignoring upto '<br>            margin: 20px auto;'. [1:173: <]
2025-12-12 00:51:36,053 ERROR:CSSStyleDeclaration: Unexpected token, ignoring upto '<br>            padding: 0;'. [1:208: <]
2025-12-12 00:51:36,053 ERROR:CSSStyleDeclaration: Unexpected token, ignoring upto '<br>            max-width: 600px;'. [1:235: <]
2025-12-12 00:51:36,053 ERROR:CSSStyleDeclaration: Unexpected token, ignoring upto '<br>            border: 1px solid #ddd;'. [1:269: <]
2025-12-12 00:51:36,053 ERROR:CSSStyleDeclaration: Unexpected token, ignoring upto '<br>            box-shadow: 0 0 10px rgba(0,0,0,0.1);'. [1:308: <]
2025-12-12 00:51:36,053 ERROR:CSSStyleDeclaration: Unexpected token, ignoring upto '<br>        '. [1:362: <]
2025-12-12 00:51:36,053 ERROR:Selector: Unexpected CHAR. [1:375: <]
2025-12-12 00:51:36,053 ERROR:SelectorList: Invalid Selector: <br>        .header 
2025-12-12 00:51:36,053 ERROR:CSSStyleDeclaration: Unexpected token, ignoring upto '<br>            text-align: center;'. [1:397: <]
2025-12-12 00:51:36,053 ERROR:CSSStyleDeclaration: Unexpected token, ignoring upto '<br>            padding: 20px 0;'. [1:433: <]
2025-12-12 00:51:36,056 ERROR:CSSStyleDeclaration: Unexpected token, ignoring upto '<br>            border-bottom: 5px solid #F27A1A;'. [1:466: <]
2025-12-12 00:51:36,056 ERROR:CSSStyleDeclaration: Unexpected token, ignoring upto '<br>        '. [1:516: <]
2025-12-12 00:51:36,057 ERROR:Selector: Unexpected CHAR. [1:529: <]
2025-12-12 00:51:36,059 ERROR:SelectorList: Invalid Selector: <br>        .content 
2025-12-12 00:51:36,059 ERROR:CSSStyleDeclaration: Unexpected token, ignoring upto '<br>            padding: 30px;'. [1:552: <]
2025-12-12 00:51:36,059 ERROR:CSSStyleDeclaration: Unexpected token, ignoring upto '<br>            text-align: left;'. [1:583: <]
2025-12-12 00:51:36,059 ERROR:CSSStyleDeclaration: Unexpected token, ignoring upto '<br>        '. [1:617: <]
2025-12-12 00:51:36,060 ERROR:Selector: Unexpected CHAR. [1:630: <]
2025-12-12 00:51:36,060 ERROR:Selector: Unexpected CHAR. [1:673: <]
2025-12-12 00:51:36,060 ERROR:SelectorList: Invalid Selector: <br>        /* SVG Logosunun Kapsayýcýsý */<br>        .logo-container 
2025-12-12 00:51:36,060 ERROR:CSSStyleDeclaration: Unexpected token, ignoring upto '<br>            width: 100%;'. [1:702: <]
2025-12-12 00:51:36,060 ERROR:CSSStyleDeclaration: Unexpected token, ignoring upto '<br>            text-align: center;'. [1:730: <]
2025-12-12 00:51:36,060 ERROR:CSSStyleDeclaration: Unexpected token, ignoring upto '<br>        '. [1:765: <]
2025-12-12 00:51:36,061 ERROR:Selector: Unexpected CHAR. [1:778: <]
2025-12-12 00:51:36,061 ERROR:SelectorList: Invalid Selector: <br>        .button-link 
2025-12-12 00:51:36,061 ERROR:CSSStyleDeclaration: Unexpected token, ignoring upto '<br>            display: inline-block;'. [1:805: <]
2025-12-12 00:51:36,061 ERROR:CSSStyleDeclaration: Unexpected token, ignoring upto '<br>            background-color: #F27A1A;'. [1:843: <]
2025-12-12 00:51:36,061 ERROR:CSSStyleDeclaration: Unexpected token, ignoring upto '<br>            color: white !'. [1:886: <]
2025-12-12 00:51:36,061 ERROR:Property: No ":" after name found: important [1:916: important]
2025-12-12 00:51:36,061 ERROR:Property: No property value found: important [1:916: important]
2025-12-12 00:51:36,061 ERROR:CSSStyleDeclaration: Syntax Error in Property: important
2025-12-12 00:51:36,061 ERROR:CSSStyleDeclaration: Unexpected token, ignoring upto '<br>            padding: 14px 20px;'. [1:927: <]
2025-12-12 00:51:36,061 ERROR:CSSStyleDeclaration: Unexpected token, ignoring upto '<br>            margin: 20px auto;'. [1:963: <]
2025-12-12 00:51:36,061 ERROR:CSSStyleDeclaration: Unexpected token, ignoring upto '<br>            border-radius: 4px;'. [1:998: <]
2025-12-12 00:51:36,061 ERROR:CSSStyleDeclaration: Unexpected token, ignoring upto '<br>            font-weight: bold;'. [1:1034: <]
2025-12-12 00:51:36,061 ERROR:CSSStyleDeclaration: Unexpected token, ignoring upto '<br>            text-decoration: none;'. [1:1069: <]
2025-12-12 00:51:36,062 ERROR:CSSStyleDeclaration: Unexpected token, ignoring upto '<br>            text-align: center;'. [1:1108: <]
2025-12-12 00:51:36,062 ERROR:CSSStyleDeclaration: Unexpected token, ignoring upto '<br>        '. [1:1143: <]
2025-12-12 00:51:36,062 ERROR:Selector: Unexpected CHAR. [1:1156: <]
2025-12-12 00:51:36,062 ERROR:SelectorList: Invalid Selector: <br>        .footer-text 
2025-12-12 00:51:36,063 ERROR:CSSStyleDeclaration: Unexpected token, ignoring upto '<br>            font-size: 11px;'. [1:1182: <]
2025-12-12 00:51:36,063 ERROR:CSSStyleDeclaration: Unexpected token, ignoring upto '<br>            color: #999;'. [1:1214: <]
2025-12-12 00:51:36,064 ERROR:CSSStyleDeclaration: Unexpected token, ignoring upto '<br>            margin-top: 30px;'. [1:1242: <]
2025-12-12 00:51:36,064 ERROR:CSSStyleDeclaration: Unexpected token, ignoring upto '<br>            padding: 15px 30px;'. [1:1275: <]
2025-12-12 00:51:36,064 ERROR:CSSStyleDeclaration: Unexpected token, ignoring upto '<br>            background-color: #f6f6f6;'. [1:1310: <]
2025-12-12 00:51:36,064 ERROR:CSSStyleDeclaration: Unexpected token, ignoring upto '<br>            border-top: 1px solid #eee;'. [1:1352: <]
2025-12-12 00:51:36,065 ERROR:CSSStyleDeclaration: Unexpected token, ignoring upto '<br>            text-align: center;'. [1:1395: <]
2025-12-12 00:51:36,065 ERROR:CSSStyleDeclaration: Unexpected token, ignoring upto '<br>        '. [1:1430: <]
2025-12-12 00:51:36,065 ERROR:CSSStyleRule: No start { of style declaration found: '<br>    ' [1:1451: ]
2025-12-12 00:51:36,066 ERROR:Selector: Unexpected CHAR. [1:1443: <]
2025-12-12 00:51:36,066 ERROR:Selector: Cannot end with combinator: <br>    
2025-12-12 00:51:36,066 ERROR:SelectorList: Invalid Selector: <br>    
2025-12-12 00:51:36,066 ERROR:CSSStyleRule: No style declaration or "}" found: '<br>    '
2025-12-12 00:51:37,402 INFO:[31m[1mWARNING: This is a development server. Do not use it in a production deployment. Use a production WSGI server instead.[0m
 * Running on all addresses (0.0.0.0)
 * Running on http://127.0.0.1:5000
 * Running on http://10.51.102.40:5000
2025-12-12 00:51:37,402 INFO:[33mPress CTRL+C to quit[0m
2025-12-12 00:51:37,402 INFO: * Restarting with stat
2025-12-12 00:51:38,667 ERROR:Selector: Unexpected CHAR. [1:1: <]
2025-12-12 00:51:38,668 ERROR:Selector: Unexpected CHAR. [1:57: <]
2025-12-12 00:51:38,669 ERROR:SelectorList: Invalid Selector: <br>        /* Responsive ve temel konteyner stilleri */<br>        .container 
2025-12-12 00:51:38,669 ERROR:CSSStyleDeclaration: Unexpected token, ignoring upto '<br>            font-family: Arial, sans-serif;'. [1:82: <]
2025-12-12 00:51:38,669 ERROR:CSSStyleDeclaration: Unexpected token, ignoring upto '<br>            background-color: #ffffff;'. [1:130: <]
2025-12-12 00:51:38,669 ERROR:CSSStyleDeclaration: Unexpected token, ignoring upto '<br>            margin: 20px auto;'. [1:173: <]
2025-12-12 00:51:38,669 ERROR:CSSStyleDeclaration: Unexpected token, ignoring upto '<br>            padding: 0;'. [1:208: <]
2025-12-12 00:51:38,669 ERROR:CSSStyleDeclaration: Unexpected token, ignoring upto '<br>            max-width: 600px;'. [1:235: <]
2025-12-12 00:51:38,669 ERROR:CSSStyleDeclaration: Unexpected token, ignoring upto '<br>            border: 1px solid #ddd;'. [1:269: <]
2025-12-12 00:51:38,669 ERROR:CSSStyleDeclaration: Unexpected token, ignoring upto '<br>            box-shadow: 0 0 10px rgba(0,0,0,0.1);'. [1:308: <]
2025-12-12 00:51:38,669 ERROR:CSSStyleDeclaration: Unexpected token, ignoring upto '<br>        '. [1:362: <]
2025-12-12 00:51:38,669 ERROR:Selector: Unexpected CHAR. [1:375: <]
2025-12-12 00:51:38,669 ERROR:SelectorList: Invalid Selector: <br>        .header 
2025-12-12 00:51:38,670 ERROR:CSSStyleDeclaration: Unexpected token, ignoring upto '<br>            text-align: center;'. [1:397: <]
2025-12-12 00:51:38,671 ERROR:CSSStyleDeclaration: Unexpected token, ignoring upto '<br>            padding: 20px 0;'. [1:433: <]
2025-12-12 00:51:38,671 ERROR:CSSStyleDeclaration: Unexpected token, ignoring upto '<br>            border-bottom: 5px solid #F27A1A;'. [1:466: <]
2025-12-12 00:51:38,671 ERROR:CSSStyleDeclaration: Unexpected token, ignoring upto '<br>        '. [1:516: <]
2025-12-12 00:51:38,671 ERROR:Selector: Unexpected CHAR. [1:529: <]
2025-12-12 00:51:38,671 ERROR:SelectorList: Invalid Selector: <br>        .content 
2025-12-12 00:51:38,671 ERROR:CSSStyleDeclaration: Unexpected token, ignoring upto '<br>            padding: 30px;'. [1:552: <]
2025-12-12 00:51:38,671 ERROR:CSSStyleDeclaration: Unexpected token, ignoring upto '<br>            text-align: left;'. [1:583: <]
2025-12-12 00:51:38,671 ERROR:CSSStyleDeclaration: Unexpected token, ignoring upto '<br>        '. [1:617: <]
2025-12-12 00:51:38,671 ERROR:Selector: Unexpected CHAR. [1:630: <]
2025-12-12 00:51:38,671 ERROR:Selector: Unexpected CHAR. [1:673: <]
2025-12-12 00:51:38,672 ERROR:SelectorList: Invalid Selector: <br>        /* SVG Logosunun Kapsayýcýsý */<br>        .logo-container 
2025-12-12 00:51:38,672 ERROR:CSSStyleDeclaration: Unexpected token, ignoring upto '<br>            width: 100%;'. [1:702: <]
2025-12-12 00:51:38,672 ERROR:CSSStyleDeclaration: Unexpected token, ignoring upto '<br>            text-align: center;'. [1:730: <]
2025-12-12 00:51:38,672 ERROR:CSSStyleDeclaration: Unexpected token, ignoring upto '<br>        '. [1:765: <]
2025-12-12 00:51:38,672 ERROR:Selector: Unexpected CHAR. [1:778: <]
2025-12-12 00:51:38,672 ERROR:SelectorList: Invalid Selector: <br>        .button-link 
2025-12-12 00:51:38,672 ERROR:CSSStyleDeclaration: Unexpected token, ignoring upto '<br>            display: inline-block;'. [1:805: <]
2025-12-12 00:51:38,673 ERROR:CSSStyleDeclaration: Unexpected token, ignoring upto '<br>            background-color: #F27A1A;'. [1:843: <]
2025-12-12 00:51:38,673 ERROR:CSSStyleDeclaration: Unexpected token, ignoring upto '<br>            color: white !'. [1:886: <]
2025-12-12 00:51:38,673 ERROR:Property: No ":" after name found: important [1:916: important]
2025-12-12 00:51:38,673 ERROR:Property: No property value found: important [1:916: important]
2025-12-12 00:51:38,674 ERROR:CSSStyleDeclaration: Syntax Error in Property: important
2025-12-12 00:51:38,674 ERROR:CSSStyleDeclaration: Unexpected token, ignoring upto '<br>            padding: 14px 20px;'. [1:927: <]
2025-12-12 00:51:38,674 ERROR:CSSStyleDeclaration: Unexpected token, ignoring upto '<br>            margin: 20px auto;'. [1:963: <]
2025-12-12 00:51:38,674 ERROR:CSSStyleDeclaration: Unexpected token, ignoring upto '<br>            border-radius: 4px;'. [1:998: <]
2025-12-12 00:51:38,676 ERROR:CSSStyleDeclaration: Unexpected token, ignoring upto '<br>            font-weight: bold;'. [1:1034: <]
2025-12-12 00:51:38,676 ERROR:CSSStyleDeclaration: Unexpected token, ignoring upto '<br>            text-decoration: none;'. [1:1069: <]
2025-12-12 00:51:38,676 ERROR:CSSStyleDeclaration: Unexpected token, ignoring upto '<br>            text-align: center;'. [1:1108: <]
2025-12-12 00:51:38,676 ERROR:CSSStyleDeclaration: Unexpected token, ignoring upto '<br>        '. [1:1143: <]
2025-12-12 00:51:38,676 ERROR:Selector: Unexpected CHAR. [1:1156: <]
2025-12-12 00:51:38,676 ERROR:SelectorList: Invalid Selector: <br>        .footer-text 
2025-12-12 00:51:38,676 ERROR:CSSStyleDeclaration: Unexpected token, ignoring upto '<br>            font-size: 11px;'. [1:1182: <]
2025-12-12 00:51:38,676 ERROR:CSSStyleDeclaration: Unexpected token, ignoring upto '<br>            color: #999;'. [1:1214: <]
2025-12-12 00:51:38,677 ERROR:CSSStyleDeclaration: Unexpected token, ignoring upto '<br>            margin-top: 30px;'. [1:1242: <]
2025-12-12 00:51:38,677 ERROR:CSSStyleDeclaration: Unexpected token, ignoring upto '<br>            padding: 15px 30px;'. [1:1275: <]
2025-12-12 00:51:38,677 ERROR:CSSStyleDeclaration: Unexpected token, ignoring upto '<br>            background-color: #f6f6f6;'. [1:1310: <]
2025-12-12 00:51:38,677 ERROR:CSSStyleDeclaration: Unexpected token, ignoring upto '<br>            border-top: 1px solid #eee;'. [1:1352: <]
2025-12-12 00:51:38,677 ERROR:CSSStyleDeclaration: Unexpected token, ignoring upto '<br>            text-align: center;'. [1:1395: <]
2025-12-12 00:51:38,677 ERROR:CSSStyleDeclaration: Unexpected token, ignoring upto '<br>        '. [1:1430: <]
2025-12-12 00:51:38,677 ERROR:CSSStyleRule: No start { of style declaration found: '<br>    ' [1:1451: ]
2025-12-12 00:51:38,677 ERROR:Selector: Unexpected CHAR. [1:1443: <]
2025-12-12 00:51:38,677 ERROR:Selector: Cannot end with combinator: <br>    
2025-12-12 00:51:38,678 ERROR:SelectorList: Invalid Selector: <br>    
2025-12-12 00:51:38,678 ERROR:CSSStyleRule: No style declaration or "}" found: '<br>    '
2025-12-12 00:51:39,708 WARNING: * Debugger is active!
2025-12-12 00:51:39,712 INFO: * Debugger PIN: 844-467-886
2025-12-12 00:53:10,142 INFO: * Detected change in 'C:\\Users\\USER\\Desktop\\DERS\\CS437\\HW_2\\mail_1\\tracker.py', reloading
2025-12-12 00:53:10,181 INFO: * Restarting with stat
2025-12-12 00:53:11,565 ERROR:Selector: Unexpected CHAR. [1:1: <]
2025-12-12 00:53:11,565 ERROR:Selector: Unexpected CHAR. [1:57: <]
2025-12-12 00:53:11,566 ERROR:SelectorList: Invalid Selector: <br>        /* Responsive ve temel konteyner stilleri */<br>        .container 
2025-12-12 00:53:11,566 ERROR:CSSStyleDeclaration: Unexpected token, ignoring upto '<br>            font-family: Arial, sans-serif;'. [1:82: <]
2025-12-12 00:53:11,566 ERROR:CSSStyleDeclaration: Unexpected token, ignoring upto '<br>            background-color: #ffffff;'. [1:130: <]
2025-12-12 00:53:11,566 ERROR:CSSStyleDeclaration: Unexpected token, ignoring upto '<br>            margin: 20px auto;'. [1:173: <]
2025-12-12 00:53:11,566 ERROR:CSSStyleDeclaration: Unexpected token, ignoring upto '<br>            padding: 0;'. [1:208: <]
2025-12-12 00:53:11,566 ERROR:CSSStyleDeclaration: Unexpected token, ignoring upto '<br>            max-width: 600px;'. [1:235: <]
2025-12-12 00:53:11,566 ERROR:CSSStyleDeclaration: Unexpected token, ignoring upto '<br>            border: 1px solid #ddd;'. [1:269: <]
2025-12-12 00:53:11,566 ERROR:CSSStyleDeclaration: Unexpected token, ignoring upto '<br>            box-shadow: 0 0 10px rgba(0,0,0,0.1);'. [1:308: <]
2025-12-12 00:53:11,566 ERROR:CSSStyleDeclaration: Unexpected token, ignoring upto '<br>        '. [1:362: <]
2025-12-12 00:53:11,567 ERROR:Selector: Unexpected CHAR. [1:375: <]
2025-12-12 00:53:11,567 ERROR:SelectorList: Invalid Selector: <br>        .header 
2025-12-12 00:53:11,567 ERROR:CSSStyleDeclaration: Unexpected token, ignoring upto '<br>            text-align: center;'. [1:397: <]
2025-12-12 00:53:11,567 ERROR:CSSStyleDeclaration: Unexpected token, ignoring upto '<br>            padding: 20px 0;'. [1:433: <]
2025-12-12 00:53:11,567 ERROR:CSSStyleDeclaration: Unexpected token, ignoring upto '<br>            border-bottom: 5px solid #F27A1A;'. [1:466: <]
2025-12-12 00:53:11,567 ERROR:CSSStyleDeclaration: Unexpected token, ignoring upto '<br>        '. [1:516: <]
2025-12-12 00:53:11,567 ERROR:Selector: Unexpected CHAR. [1:529: <]
2025-12-12 00:53:11,567 ERROR:SelectorList: Invalid Selector: <br>        .content 
2025-12-12 00:53:11,568 ERROR:CSSStyleDeclaration: Unexpected token, ignoring upto '<br>            padding: 30px;'. [1:552: <]
2025-12-12 00:53:11,568 ERROR:CSSStyleDeclaration: Unexpected token, ignoring upto '<br>            text-align: left;'. [1:583: <]
2025-12-12 00:53:11,568 ERROR:CSSStyleDeclaration: Unexpected token, ignoring upto '<br>        '. [1:617: <]
2025-12-12 00:53:11,568 ERROR:Selector: Unexpected CHAR. [1:630: <]
2025-12-12 00:53:11,568 ERROR:Selector: Unexpected CHAR. [1:673: <]
2025-12-12 00:53:11,568 ERROR:SelectorList: Invalid Selector: <br>        /* SVG Logosunun Kapsayýcýsý */<br>        .logo-container 
2025-12-12 00:53:11,568 ERROR:CSSStyleDeclaration: Unexpected token, ignoring upto '<br>            width: 100%;'. [1:702: <]
2025-12-12 00:53:11,568 ERROR:CSSStyleDeclaration: Unexpected token, ignoring upto '<br>            text-align: center;'. [1:730: <]
2025-12-12 00:53:11,568 ERROR:CSSStyleDeclaration: Unexpected token, ignoring upto '<br>        '. [1:765: <]
2025-12-12 00:53:11,569 ERROR:Selector: Unexpected CHAR. [1:778: <]
2025-12-12 00:53:11,569 ERROR:SelectorList: Invalid Selector: <br>        .button-link 
2025-12-12 00:53:11,569 ERROR:CSSStyleDeclaration: Unexpected token, ignoring upto '<br>            display: inline-block;'. [1:805: <]
2025-12-12 00:53:11,569 ERROR:CSSStyleDeclaration: Unexpected token, ignoring upto '<br>            background-color: #F27A1A;'. [1:843: <]
2025-12-12 00:53:11,569 ERROR:CSSStyleDeclaration: Unexpected token, ignoring upto '<br>            color: white !'. [1:886: <]
2025-12-12 00:53:11,569 ERROR:Property: No ":" after name found: important [1:916: important]
2025-12-12 00:53:11,569 ERROR:Property: No property value found: important [1:916: important]
2025-12-12 00:53:11,569 ERROR:CSSStyleDeclaration: Syntax Error in Property: important
2025-12-12 00:53:11,570 ERROR:CSSStyleDeclaration: Unexpected token, ignoring upto '<br>            padding: 14px 20px;'. [1:927: <]
2025-12-12 00:53:11,570 ERROR:CSSStyleDeclaration: Unexpected token, ignoring upto '<br>            margin: 20px auto;'. [1:963: <]
2025-12-12 00:53:11,570 ERROR:CSSStyleDeclaration: Unexpected token, ignoring upto '<br>            border-radius: 4px;'. [1:998: <]
2025-12-12 00:53:11,570 ERROR:CSSStyleDeclaration: Unexpected token, ignoring upto '<br>            font-weight: bold;'. [1:1034: <]
2025-12-12 00:53:11,570 ERROR:CSSStyleDeclaration: Unexpected token, ignoring upto '<br>            text-decoration: none;'. [1:1069: <]
2025-12-12 00:53:11,571 ERROR:CSSStyleDeclaration: Unexpected token, ignoring upto '<br>            text-align: center;'. [1:1108: <]
2025-12-12 00:53:11,573 ERROR:CSSStyleDeclaration: Unexpected token, ignoring upto '<br>        '. [1:1143: <]
2025-12-12 00:53:11,574 ERROR:Selector: Unexpected CHAR. [1:1156: <]
2025-12-12 00:53:11,574 ERROR:SelectorList: Invalid Selector: <br>        .footer-text 
2025-12-12 00:53:11,574 ERROR:CSSStyleDeclaration: Unexpected token, ignoring upto '<br>            font-size: 11px;'. [1:1182: <]
2025-12-12 00:53:11,574 ERROR:CSSStyleDeclaration: Unexpected token, ignoring upto '<br>            color: #999;'. [1:1214: <]
2025-12-12 00:53:11,578 ERROR:CSSStyleDeclaration: Unexpected token, ignoring upto '<br>            margin-top: 30px;'. [1:1242: <]
2025-12-12 00:53:11,578 ERROR:CSSStyleDeclaration: Unexpected token, ignoring upto '<br>            padding: 15px 30px;'. [1:1275: <]
2025-12-12 00:53:11,578 ERROR:CSSStyleDeclaration: Unexpected token, ignoring upto '<br>            background-color: #f6f6f6;'. [1:1310: <]
2025-12-12 00:53:11,579 ERROR:CSSStyleDeclaration: Unexpected token, ignoring upto '<br>            border-top: 1px solid #eee;'. [1:1352: <]
2025-12-12 00:53:11,579 ERROR:CSSStyleDeclaration: Unexpected token, ignoring upto '<br>            text-align: center;'. [1:1395: <]
2025-12-12 00:53:11,579 ERROR:CSSStyleDeclaration: Unexpected token, ignoring upto '<br>        '. [1:1430: <]
2025-12-12 00:53:11,580 ERROR:CSSStyleRule: No start { of style declaration found: '<br>    ' [1:1451: ]
2025-12-12 00:53:11,580 ERROR:Selector: Unexpected CHAR. [1:1443: <]
2025-12-12 00:53:11,580 ERROR:Selector: Cannot end with combinator: <br>    
2025-12-12 00:53:11,580 ERROR:SelectorList: Invalid Selector: <br>    
2025-12-12 00:53:11,581 ERROR:CSSStyleRule: No style declaration or "}" found: '<br>    '
2025-12-12 00:53:13,392 WARNING: * Debugger is active!
2025-12-12 00:53:13,394 INFO: * Debugger PIN: 844-467-886
2025-12-12 01:00:23,721 ERROR:Selector: Unexpected CHAR. [1:1: <]
2025-12-12 01:00:23,767 ERROR:Selector: Unexpected CHAR. [1:57: <]
2025-12-12 01:00:23,773 ERROR:SelectorList: Invalid Selector: <br>        /* Responsive ve temel konteyner stilleri */<br>        .container 
2025-12-12 01:00:23,788 ERROR:CSSStyleDeclaration: Unexpected token, ignoring upto '<br>            font-family: Arial, sans-serif;'. [1:82: <]
2025-12-12 01:00:23,792 ERROR:CSSStyleDeclaration: Unexpected token, ignoring upto '<br>            background-color: #ffffff;'. [1:130: <]
2025-12-12 01:00:23,794 ERROR:CSSStyleDeclaration: Unexpected token, ignoring upto '<br>            margin: 20px auto;'. [1:173: <]
2025-12-12 01:00:23,795 ERROR:CSSStyleDeclaration: Unexpected token, ignoring upto '<br>            padding: 0;'. [1:208: <]
2025-12-12 01:00:23,796 ERROR:CSSStyleDeclaration: Unexpected token, ignoring upto '<br>            max-width: 600px;'. [1:235: <]
2025-12-12 01:00:23,796 ERROR:CSSStyleDeclaration: Unexpected token, ignoring upto '<br>            border: 1px solid #ddd;'. [1:269: <]
2025-12-12 01:00:23,796 ERROR:CSSStyleDeclaration: Unexpected token, ignoring upto '<br>            box-shadow: 0 0 10px rgba(0,0,0,0.1);'. [1:308: <]
2025-12-12 01:00:23,796 ERROR:CSSStyleDeclaration: Unexpected token, ignoring upto '<br>        '. [1:362: <]
2025-12-12 01:00:23,797 ERROR:Selector: Unexpected CHAR. [1:375: <]
2025-12-12 01:00:23,797 ERROR:SelectorList: Invalid Selector: <br>        .header 
2025-12-12 01:00:23,797 ERROR:CSSStyleDeclaration: Unexpected token, ignoring upto '<br>            text-align: center;'. [1:397: <]
2025-12-12 01:00:23,797 ERROR:CSSStyleDeclaration: Unexpected token, ignoring upto '<br>            padding: 20px 0;'. [1:433: <]
2025-12-12 01:00:23,797 ERROR:CSSStyleDeclaration: Unexpected token, ignoring upto '<br>            border-bottom: 5px solid #F27A1A;'. [1:466: <]
2025-12-12 01:00:23,797 ERROR:CSSStyleDeclaration: Unexpected token, ignoring upto '<br>        '. [1:516: <]
2025-12-12 01:00:23,799 ERROR:Selector: Unexpected CHAR. [1:529: <]
2025-12-12 01:00:23,799 ERROR:SelectorList: Invalid Selector: <br>        .content 
2025-12-12 01:00:23,799 ERROR:CSSStyleDeclaration: Unexpected token, ignoring upto '<br>            padding: 30px;'. [1:552: <]
2025-12-12 01:00:23,799 ERROR:CSSStyleDeclaration: Unexpected token, ignoring upto '<br>            text-align: left;'. [1:583: <]
2025-12-12 01:00:23,800 ERROR:CSSStyleDeclaration: Unexpected token, ignoring upto '<br>        '. [1:617: <]
2025-12-12 01:00:23,800 ERROR:Selector: Unexpected CHAR. [1:630: <]
2025-12-12 01:00:23,800 ERROR:Selector: Unexpected CHAR. [1:673: <]
2025-12-12 01:00:23,801 ERROR:SelectorList: Invalid Selector: <br>        /* SVG Logosunun Kapsayýcýsý */<br>        .logo-container 
2025-12-12 01:00:23,802 ERROR:CSSStyleDeclaration: Unexpected token, ignoring upto '<br>            width: 100%;'. [1:702: <]
2025-12-12 01:00:23,802 ERROR:CSSStyleDeclaration: Unexpected token, ignoring upto '<br>            text-align: center;'. [1:730: <]
2025-12-12 01:00:23,802 ERROR:CSSStyleDeclaration: Unexpected token, ignoring upto '<br>        '. [1:765: <]
2025-12-12 01:00:23,803 ERROR:Selector: Unexpected CHAR. [1:778: <]
2025-12-12 01:00:23,803 ERROR:SelectorList: Invalid Selector: <br>        .button-link 
2025-12-12 01:00:23,803 ERROR:CSSStyleDeclaration: Unexpected token, ignoring upto '<br>            display: inline-block;'. [1:805: <]
2025-12-12 01:00:23,804 ERROR:CSSStyleDeclaration: Unexpected token, ignoring upto '<br>            background-color: #F27A1A;'. [1:843: <]
2025-12-12 01:00:23,804 ERROR:CSSStyleDeclaration: Unexpected token, ignoring upto '<br>            color: white !'. [1:886: <]
2025-12-12 01:00:23,804 ERROR:Property: No ":" after name found: important [1:916: important]
2025-12-12 01:00:23,804 ERROR:Property: No property value found: important [1:916: important]
2025-12-12 01:00:23,805 ERROR:CSSStyleDeclaration: Syntax Error in Property: important
2025-12-12 01:00:23,805 ERROR:CSSStyleDeclaration: Unexpected token, ignoring upto '<br>            padding: 14px 20px;'. [1:927: <]
2025-12-12 01:00:23,806 ERROR:CSSStyleDeclaration: Unexpected token, ignoring upto '<br>            margin: 20px auto;'. [1:963: <]
2025-12-12 01:00:23,806 ERROR:CSSStyleDeclaration: Unexpected token, ignoring upto '<br>            border-radius: 4px;'. [1:998: <]
2025-12-12 01:00:23,806 ERROR:CSSStyleDeclaration: Unexpected token, ignoring upto '<br>            font-weight: bold;'. [1:1034: <]
2025-12-12 01:00:23,807 ERROR:CSSStyleDeclaration: Unexpected token, ignoring upto '<br>            text-decoration: none;'. [1:1069: <]
2025-12-12 01:00:23,807 ERROR:CSSStyleDeclaration: Unexpected token, ignoring upto '<br>            text-align: center;'. [1:1108: <]
2025-12-12 01:00:23,807 ERROR:CSSStyleDeclaration: Unexpected token, ignoring upto '<br>        '. [1:1143: <]
2025-12-12 01:00:23,808 ERROR:Selector: Unexpected CHAR. [1:1156: <]
2025-12-12 01:00:23,809 ERROR:SelectorList: Invalid Selector: <br>        .footer-text 
2025-12-12 01:00:23,809 ERROR:CSSStyleDeclaration: Unexpected token, ignoring upto '<br>            font-size: 11px;'. [1:1182: <]
2025-12-12 01:00:23,809 ERROR:CSSStyleDeclaration: Unexpected token, ignoring upto '<br>            color: #999;'. [1:1214: <]
2025-12-12 01:00:23,809 ERROR:CSSStyleDeclaration: Unexpected token, ignoring upto '<br>            margin-top: 30px;'. [1:1242: <]
2025-12-12 01:00:23,810 ERROR:CSSStyleDeclaration: Unexpected token, ignoring upto '<br>            padding: 15px 30px;'. [1:1275: <]
2025-12-12 01:00:23,810 ERROR:CSSStyleDeclaration: Unexpected token, ignoring upto '<br>            background-color: #f6f6f6;'. [1:1310: <]
2025-12-12 01:00:23,810 ERROR:CSSStyleDeclaration: Unexpected token, ignoring upto '<br>            border-top: 1px solid #eee;'. [1:1352: <]
2025-12-12 01:00:23,810 ERROR:CSSStyleDeclaration: Unexpected token, ignoring upto '<br>            text-align: center;'. [1:1395: <]
2025-12-12 01:00:23,811 ERROR:CSSStyleDeclaration: Unexpected token, ignoring upto '<br>        '. [1:1430: <]
2025-12-12 01:00:23,811 ERROR:CSSStyleRule: No start { of style declaration found: '<br>    ' [1:1451: ]
2025-12-12 01:00:23,811 ERROR:Selector: Unexpected CHAR. [1:1443: <]
2025-12-12 01:00:23,811 ERROR:Selector: Cannot end with combinator: <br>    
2025-12-12 01:00:23,813 ERROR:SelectorList: Invalid Selector: <br>    
2025-12-12 01:00:23,813 ERROR:CSSStyleRule: No style declaration or "}" found: '<br>    '
2025-12-12 01:00:25,581 INFO:[31m[1mWARNING: This is a development server. Do not use it in a production deployment. Use a production WSGI server instead.[0m
 * Running on all addresses (0.0.0.0)
 * Running on http://127.0.0.1:5000
 * Running on http://10.51.102.40:5000
2025-12-12 01:00:25,581 INFO:[33mPress CTRL+C to quit[0m
2025-12-12 01:00:25,582 INFO: * Restarting with stat
2025-12-12 01:00:26,382 ERROR:Selector: Unexpected CHAR. [1:1: <]
2025-12-12 01:00:26,382 ERROR:Selector: Unexpected CHAR. [1:57: <]
2025-12-12 01:00:26,382 ERROR:SelectorList: Invalid Selector: <br>        /* Responsive ve temel konteyner stilleri */<br>        .container 
2025-12-12 01:00:26,382 ERROR:CSSStyleDeclaration: Unexpected token, ignoring upto '<br>            font-family: Arial, sans-serif;'. [1:82: <]
2025-12-12 01:00:26,382 ERROR:CSSStyleDeclaration: Unexpected token, ignoring upto '<br>            background-color: #ffffff;'. [1:130: <]
2025-12-12 01:00:26,382 ERROR:CSSStyleDeclaration: Unexpected token, ignoring upto '<br>            margin: 20px auto;'. [1:173: <]
2025-12-12 01:00:26,382 ERROR:CSSStyleDeclaration: Unexpected token, ignoring upto '<br>            padding: 0;'. [1:208: <]
2025-12-12 01:00:26,382 ERROR:CSSStyleDeclaration: Unexpected token, ignoring upto '<br>            max-width: 600px;'. [1:235: <]
2025-12-12 01:00:26,382 ERROR:CSSStyleDeclaration: Unexpected token, ignoring upto '<br>            border: 1px solid #ddd;'. [1:269: <]
2025-12-12 01:00:26,382 ERROR:CSSStyleDeclaration: Unexpected token, ignoring upto '<br>            box-shadow: 0 0 10px rgba(0,0,0,0.1);'. [1:308: <]
2025-12-12 01:00:26,386 ERROR:CSSStyleDeclaration: Unexpected token, ignoring upto '<br>        '. [1:362: <]
2025-12-12 01:00:26,386 ERROR:Selector: Unexpected CHAR. [1:375: <]
2025-12-12 01:00:26,386 ERROR:SelectorList: Invalid Selector: <br>        .header 
2025-12-12 01:00:26,386 ERROR:CSSStyleDeclaration: Unexpected token, ignoring upto '<br>            text-align: center;'. [1:397: <]
2025-12-12 01:00:26,386 ERROR:CSSStyleDeclaration: Unexpected token, ignoring upto '<br>            padding: 20px 0;'. [1:433: <]
2025-12-12 01:00:26,386 ERROR:CSSStyleDeclaration: Unexpected token, ignoring upto '<br>            border-bottom: 5px solid #F27A1A;'. [1:466: <]
2025-12-12 01:00:26,386 ERROR:CSSStyleDeclaration: Unexpected token, ignoring upto '<br>        '. [1:516: <]
2025-12-12 01:00:26,386 ERROR:Selector: Unexpected CHAR. [1:529: <]
2025-12-12 01:00:26,386 ERROR:SelectorList: Invalid Selector: <br>        .content 
2025-12-12 01:00:26,386 ERROR:CSSStyleDeclaration: Unexpected token, ignoring upto '<br>            padding: 30px;'. [1:552: <]
2025-12-12 01:00:26,386 ERROR:CSSStyleDeclaration: Unexpected token, ignoring upto '<br>            text-align: left;'. [1:583: <]
2025-12-12 01:00:26,386 ERROR:CSSStyleDeclaration: Unexpected token, ignoring upto '<br>        '. [1:617: <]
2025-12-12 01:00:26,388 ERROR:Selector: Unexpected CHAR. [1:630: <]
2025-12-12 01:00:26,388 ERROR:Selector: Unexpected CHAR. [1:673: <]
2025-12-12 01:00:26,388 ERROR:SelectorList: Invalid Selector: <br>        /* SVG Logosunun Kapsayýcýsý */<br>        .logo-container 
2025-12-12 01:00:26,388 ERROR:CSSStyleDeclaration: Unexpected token, ignoring upto '<br>            width: 100%;'. [1:702: <]
2025-12-12 01:00:26,388 ERROR:CSSStyleDeclaration: Unexpected token, ignoring upto '<br>            text-align: center;'. [1:730: <]
2025-12-12 01:00:26,388 ERROR:CSSStyleDeclaration: Unexpected token, ignoring upto '<br>        '. [1:765: <]
2025-12-12 01:00:26,388 ERROR:Selector: Unexpected CHAR. [1:778: <]
2025-12-12 01:00:26,388 ERROR:SelectorList: Invalid Selector: <br>        .button-link 
2025-12-12 01:00:26,392 ERROR:CSSStyleDeclaration: Unexpected token, ignoring upto '<br>            display: inline-block;'. [1:805: <]
2025-12-12 01:00:26,392 ERROR:CSSStyleDeclaration: Unexpected token, ignoring upto '<br>            background-color: #F27A1A;'. [1:843: <]
2025-12-12 01:00:26,392 ERROR:CSSStyleDeclaration: Unexpected token, ignoring upto '<br>            color: white !'. [1:886: <]
2025-12-12 01:00:26,392 ERROR:Property: No ":" after name found: important [1:916: important]
2025-12-12 01:00:26,393 ERROR:Property: No property value found: important [1:916: important]
2025-12-12 01:00:26,393 ERROR:CSSStyleDeclaration: Syntax Error in Property: important
2025-12-12 01:00:26,394 ERROR:CSSStyleDeclaration: Unexpected token, ignoring upto '<br>            padding: 14px 20px;'. [1:927: <]
2025-12-12 01:00:26,394 ERROR:CSSStyleDeclaration: Unexpected token, ignoring upto '<br>            margin: 20px auto;'. [1:963: <]
2025-12-12 01:00:26,394 ERROR:CSSStyleDeclaration: Unexpected token, ignoring upto '<br>            border-radius: 4px;'. [1:998: <]
2025-12-12 01:00:26,394 ERROR:CSSStyleDeclaration: Unexpected token, ignoring upto '<br>            font-weight: bold;'. [1:1034: <]
2025-12-12 01:00:26,394 ERROR:CSSStyleDeclaration: Unexpected token, ignoring upto '<br>            text-decoration: none;'. [1:1069: <]
2025-12-12 01:00:26,395 ERROR:CSSStyleDeclaration: Unexpected token, ignoring upto '<br>            text-align: center;'. [1:1108: <]
2025-12-12 01:00:26,395 ERROR:CSSStyleDeclaration: Unexpected token, ignoring upto '<br>        '. [1:1143: <]
2025-12-12 01:00:26,395 ERROR:Selector: Unexpected CHAR. [1:1156: <]
2025-12-12 01:00:26,396 ERROR:SelectorList: Invalid Selector: <br>        .footer-text 
2025-12-12 01:00:26,396 ERROR:CSSStyleDeclaration: Unexpected token, ignoring upto '<br>            font-size: 11px;'. [1:1182: <]
2025-12-12 01:00:26,396 ERROR:CSSStyleDeclaration: Unexpected token, ignoring upto '<br>            color: #999;'. [1:1214: <]
2025-12-12 01:00:26,396 ERROR:CSSStyleDeclaration: Unexpected token, ignoring upto '<br>            margin-top: 30px;'. [1:1242: <]
2025-12-12 01:00:26,399 ERROR:CSSStyleDeclaration: Unexpected token, ignoring upto '<br>            padding: 15px 30px;'. [1:1275: <]
2025-12-12 01:00:26,399 ERROR:CSSStyleDeclaration: Unexpected token, ignoring upto '<br>            background-color: #f6f6f6;'. [1:1310: <]
2025-12-12 01:00:26,399 ERROR:CSSStyleDeclaration: Unexpected token, ignoring upto '<br>            border-top: 1px solid #eee;'. [1:1352: <]
2025-12-12 01:00:26,399 ERROR:CSSStyleDeclaration: Unexpected token, ignoring upto '<br>            text-align: center;'. [1:1395: <]
2025-12-12 01:00:26,399 ERROR:CSSStyleDeclaration: Unexpected token, ignoring upto '<br>        '. [1:1430: <]
2025-12-12 01:00:26,400 ERROR:CSSStyleRule: No start { of style declaration found: '<br>    ' [1:1451: ]
2025-12-12 01:00:26,400 ERROR:Selector: Unexpected CHAR. [1:1443: <]
2025-12-12 01:00:26,400 ERROR:Selector: Cannot end with combinator: <br>    
2025-12-12 01:00:26,400 ERROR:SelectorList: Invalid Selector: <br>    
2025-12-12 01:00:26,400 ERROR:CSSStyleRule: No style declaration or "}" found: '<br>    '
2025-12-12 01:00:27,300 WARNING: * Debugger is active!
2025-12-12 01:00:27,302 INFO: * Debugger PIN: 844-467-886
2025-12-12 01:07:27,661 INFO:[31m[1mWARNING: This is a development server. Do not use it in a production deployment. Use a production WSGI server instead.[0m
 * Running on all addresses (0.0.0.0)
 * Running on http://127.0.0.1:5000
 * Running on http://10.51.102.40:5000
2025-12-12 01:07:27,661 INFO:[33mPress CTRL+C to quit[0m
2025-12-12 01:07:27,662 INFO: * Restarting with stat
2025-12-12 01:07:29,340 WARNING: * Debugger is active!
2025-12-12 01:07:29,348 INFO: * Debugger PIN: 844-467-886
2025-12-12 01:07:56,548 INFO: * Detected change in 'C:\\Users\\USER\\Desktop\\DERS\\CS437\\HW_2\\mail_1\\tracker.py', reloading
2025-12-12 01:07:56,585 INFO: * Restarting with stat
2025-12-12 01:07:58,314 WARNING: * Debugger is active!
2025-12-12 01:07:58,315 INFO: * Debugger PIN: 844-467-886
2025-12-12 01:08:28,468 INFO: * Detected change in 'C:\\Users\\USER\\Desktop\\DERS\\CS437\\HW_2\\mail_1\\tracker.py', reloading
2025-12-12 01:08:28,511 INFO: * Restarting with stat
2025-12-12 01:08:30,270 WARNING: * Debugger is active!
2025-12-12 01:08:30,278 INFO: * Debugger PIN: 844-467-886
2025-12-12 01:12:47,536 INFO:[31m[1mWARNING: This is a development server. Do not use it in a production deployment. Use a production WSGI server instead.[0m
 * Running on all addresses (0.0.0.0)
 * Running on http://127.0.0.1:5000
 * Running on http://10.51.102.40:5000
2025-12-12 01:12:47,536 INFO:[33mPress CTRL+C to quit[0m
2025-12-12 01:12:47,536 INFO: * Restarting with stat
2025-12-12 01:12:49,203 WARNING: * Debugger is active!
2025-12-12 01:12:49,205 INFO: * Debugger PIN: 844-467-886
2025-12-12 01:13:03,100 INFO:127.0.0.1 - - [12/Dec/2025 01:13:03] "[32mGET /click HTTP/1.1[0m" 302 -
2025-12-12 01:13:52,563 INFO:[31m[1mWARNING: This is a development server. Do not use it in a production deployment. Use a production WSGI server instead.[0m
 * Running on all addresses (0.0.0.0)
 * Running on http://127.0.0.1:5000
 * Running on http://10.51.102.40:5000
2025-12-12 01:13:52,563 INFO:[33mPress CTRL+C to quit[0m
2025-12-12 01:13:52,563 INFO: * Restarting with stat
2025-12-12 01:13:54,252 WARNING: * Debugger is active!
2025-12-12 01:13:54,254 INFO: * Debugger PIN: 844-467-886
2025-12-12 01:17:08,504 INFO:[31m[1mWARNING: This is a development server. Do not use it in a production deployment. Use a production WSGI server instead.[0m
 * Running on all addresses (0.0.0.0)
 * Running on http://127.0.0.1:5000
 * Running on http://10.51.102.40:5000
2025-12-12 01:17:08,505 INFO:[33mPress CTRL+C to quit[0m
2025-12-12 01:17:08,506 INFO: * Restarting with stat
2025-12-12 01:17:10,170 WARNING: * Debugger is active!
2025-12-12 01:17:10,173 INFO: * Debugger PIN: 844-467-886
2025-12-12 01:19:40,432 INFO:[31m[1mWARNING: This is a development server. Do not use it in a production deployment. Use a production WSGI server instead.[0m
 * Running on all addresses (0.0.0.0)
 * Running on http://127.0.0.1:5000
 * Running on http://10.51.102.40:5000
2025-12-12 01:19:40,432 INFO:[33mPress CTRL+C to quit[0m
2025-12-12 01:19:40,433 INFO: * Restarting with stat
2025-12-12 01:19:42,047 WARNING: * Debugger is active!
2025-12-12 01:19:42,050 INFO: * Debugger PIN: 844-467-886
2025-12-12 01:20:02,073 INFO:127.0.0.1 - - [12/Dec/2025 01:20:02] "[32mGET /click HTTP/1.1[0m" 302 -
2025-12-12 01:20:13,599 INFO:127.0.0.1 - - [12/Dec/2025 01:20:13] "[32mGET /click HTTP/1.1[0m" 302 -
2025-12-12 01:22:32,829 INFO:127.0.0.1 - - [12/Dec/2025 01:22:32] "[32mGET /click HTTP/1.1[0m" 302 -
2025-12-12 01:23:11,599 INFO:127.0.0.1 - - [12/Dec/2025 01:23:11] "[32mPOST /capture HTTP/1.1[0m" 302 -
2025-12-12 01:25:24,756 INFO: * Detected change in 'C:\\Users\\USER\\Desktop\\DERS\\CS437\\HW_2\\mail_1\\tracker.py', reloading
2025-12-12 01:25:24,840 INFO: * Restarting with stat
